<!DOCTYPE html PUBLIC "-//W3C//DTD XHTML 1.1//EN" "https://www.w3.org/TR/xhtml11/DTD/xhtml11.dtd">
<html xmlns="https://www.w3.org/1999/xhtml">
<head>
<meta http-equiv="content-type" content="text/html; charset=UTF-8"/>
<title>TestNG Report</title>
<style type="text/css">table {margin-bottom:10px;border-collapse:collapse;empty-cells:show}th,td {border:1px solid #009;padding:.25em .5em}th {vertical-align:bottom}td {vertical-align:top}table a {font-weight:bold}.stripe td {background-color: #E6EBF9}.num {text-align:right}.passedodd td {background-color: #3F3}.passedeven td {background-color: #0A0}.skippedodd td {background-color: #DDD}.skippedeven td {background-color: #CCC}.failedodd td,.attn {background-color: #F33}.failedeven td,.stripe .attn {background-color: #D00}.stacktrace {white-space:pre;font-family:monospace}.totop {font-size:85%;text-align:center;border-bottom:2px solid #000}.invisible {display:none}</style>
</head>
<body>
<table>
<tr><th>Test</th><th># Passed</th><th># Skipped</th><th># Retried</th><th># Failed</th><th>Time (ms)</th><th>Included Groups</th><th>Excluded Groups</th></tr>
<tr><th colspan="8">ParallelTesting</th></tr>
<tr><td><a href="#t0">Test</a></td><td class="num">13</td><td class="num">0</td><td class="num attn">1</td><td class="num attn">3</td><td class="num">30,799</td><td></td><td></td></tr>
</table>
<table id='summary'><thead><tr><th>Class</th><th>Method</th><th>Start</th><th>Time (ms)</th></tr></thead><tbody><tr><th colspan="4">ParallelTesting</th></tr></tbody><tbody id="t0"><tr><th colspan="4">Test &#8212; failed</th></tr><tr class="failedeven"><td rowspan="1">testScript.AdminUserTest</td><td><a href="#m0">verifyUserIsAbleToRefreshNewlyAddedUserPageUsingTheResetButton</a></td><td rowspan="1">1742457223314</td><td rowspan="1">298</td></tr><tr class="failedodd"><td rowspan="2">testScript.LoginTest</td><td><a href="#m1">verifyUserLoginWithInvalidUsernameAndInvalidPassword</a></td><td rowspan="2">1742457251163</td><td rowspan="2">436</td></tr><tr class="failedodd"><td><a href="#m2">verifyUserLoginWithInvalidUsernameAndInvalidPassword</a></td></tr><tr><th colspan="4">Test &#8212; retried</th></tr><tr class="retriedeven"><td rowspan="1">testScript.HomeTest</td><td><a href="#m3">verifySuccessfullUserLogoutFromHomePageAfterLogin</a></td><td rowspan="1">1742457223376</td><td rowspan="1">160</td></tr><tr><th colspan="4">Test &#8212; passed</th></tr><tr class="passedeven"><td rowspan="2">testScript.AdminUserTest</td><td><a href="#m4">verifyUserIsAbleToSearchNewlyAddedUsersInTheNewlyAddedUsersList</a></td><td rowspan="1">1742457225658</td><td rowspan="1">2500</td></tr><tr class="passedeven"><td><a href="#m5">verifyWhetherUserIsAbleToAddNewUserToTheUsersList</a></td><td rowspan="1">1742457229984</td><td rowspan="1">2984</td></tr><tr class="passedodd"><td rowspan="1">testScript.HomeTest</td><td><a href="#m6">verifySuccessfullUserLogoutFromHomePageAfterLogin</a></td><td rowspan="1">1742457225373</td><td rowspan="1">1751</td></tr><tr class="passedeven"><td rowspan="4">testScript.LoginTest</td><td><a href="#m7">verifyUserLoginWithInvalidUsernameAndInvalidPassword</a></td><td rowspan="1">1742457246696</td><td rowspan="1">455</td></tr><tr class="passedeven"><td><a href="#m8">verifyUserLoginWithInvalidUsernameAndValidPassword</a></td><td rowspan="1">1742457244554</td><td rowspan="1">458</td></tr><tr class="passedeven"><td><a href="#m9">verifyUserLoginWithValidUsernameAndInvalidPassword</a></td><td rowspan="1">1742457242175</td><td rowspan="1">563</td></tr><tr class="passedeven"><td><a href="#m10">verifyUserLoginWithValidUsernameAndValidPassword</a></td><td rowspan="1">1742457239556</td><td rowspan="1">748</td></tr><tr class="passedodd"><td rowspan="3">testScript.ManageNewsTest</td><td><a href="#m11">verifyWhetherUserIsAbleToAddNewNewsInManageNews</a></td><td rowspan="1">1742457228849</td><td rowspan="1">1990</td></tr><tr class="passedodd"><td><a href="#m12">verifyWhetherUserIsAbleToRefreshNewsPageUsingTheResetButton</a></td><td rowspan="1">1742457232858</td><td rowspan="1">1439</td></tr><tr class="passedodd"><td><a href="#m13">verifyWhetherUserIsAbleTosearchNewsInManageNews</a></td><td rowspan="1">1742457236159</td><td rowspan="1">1556</td></tr><tr class="passedeven"><td rowspan="3">testScript.SubCategoryTest</td><td><a href="#m14">verifyWhetherUserIsAbleToaddNewItemToSubCategoryList</a></td><td rowspan="1">1742457234796</td><td rowspan="1">2647</td></tr><tr class="passedeven"><td><a href="#m15">verifyWhetherUserIsAbleTorefreshPageUsingResetButton</a></td><td rowspan="1">1742457239313</td><td rowspan="1">1386</td></tr><tr class="passedeven"><td><a href="#m16">verifyWhetherUserIsAbleTosearchItemsInTheSubCategoryList</a></td><td rowspan="1">1742457242516</td><td rowspan="1">1771</td></tr></tbody>
</table>
<h2>Test</h2><h3 id="m0">testScript.AdminUserTest#verifyUserIsAbleToRefreshNewlyAddedUserPageUsingTheResetButton</h3><table class="result"><tr><th>Exception</th></tr><tr><td><div class="stacktrace">java.io.IOException: Stream Closed
	at java.base/java.io.FileInputStream.available0(Native Method)
	at java.base/java.io.FileInputStream.available(FileInputStream.java:473)
	at java.base/java.io.BufferedInputStream.implRead(BufferedInputStream.java:428)
	at java.base/java.io.BufferedInputStream.read(BufferedInputStream.java:399)
	at java.base/java.io.FilterInputStream.read(FilterInputStream.java:119)
	at java.base/java.io.PushbackInputStream.read(PushbackInputStream.java:197)
	at java.base/java.io.FilterInputStream.read(FilterInputStream.java:95)
	at org.apache.commons.compress.archivers.zip.ZipArchiveInputStream.fill(ZipArchiveInputStream.java:861)
	at org.apache.commons.compress.archivers.zip.ZipArchiveInputStream.readFromInflater(ZipArchiveInputStream.java:650)
	at org.apache.commons.compress.archivers.zip.ZipArchiveInputStream.readDeflated(ZipArchiveInputStream.java:625)
	at org.apache.commons.compress.archivers.zip.ZipArchiveInputStream.read(ZipArchiveInputStream.java:528)
	at java.base/java.io.FilterInputStream.read(FilterInputStream.java:119)
	at org.apache.poi.openxml4j.util.ZipArchiveThresholdInputStream.read(ZipArchiveThresholdInputStream.java:80)
	at org.apache.poi.util.IOUtils.toByteArray(IOUtils.java:240)
	at org.apache.poi.util.IOUtils.toByteArray(IOUtils.java:203)
	at org.apache.poi.openxml4j.util.ZipArchiveFakeEntry.&lt;init&gt;(ZipArchiveFakeEntry.java:82)
	at org.apache.poi.openxml4j.util.ZipInputStreamZipEntrySource.&lt;init&gt;(ZipInputStreamZipEntrySource.java:98)
	at org.apache.poi.openxml4j.opc.ZipPackage.&lt;init&gt;(ZipPackage.java:132)
	at org.apache.poi.openxml4j.opc.OPCPackage.open(OPCPackage.java:319)
	at org.apache.poi.ooxml.util.PackageHelper.open(PackageHelper.java:59)
	at org.apache.poi.xssf.usermodel.XSSFWorkbook.&lt;init&gt;(XSSFWorkbook.java:290)
	at org.apache.poi.xssf.usermodel.XSSFWorkbook.&lt;init&gt;(XSSFWorkbook.java:286)
	at utilities.ExcelUtility.readStringData(ExcelUtility.java:22)
	at testScript.AdminUserTest.verifyUserIsAbleToRefreshNewlyAddedUserPageUsingTheResetButton(AdminUserTest.java:55)
	at java.base/java.util.concurrent.Executors$RunnableAdapter.call(Executors.java:572)
	at java.base/java.util.concurrent.FutureTask.run(FutureTask.java:317)
	at java.base/java.util.concurrent.ThreadPoolExecutor.runWorker(ThreadPoolExecutor.java:1144)
	at java.base/java.util.concurrent.ThreadPoolExecutor$Worker.run(ThreadPoolExecutor.java:642)
	at java.base/java.lang.Thread.run(Thread.java:1583)
... Removed 11 stack frames</div></td></tr></table><p class="totop"><a href="#summary">back to summary</a></p>
<h3 id="m1">testScript.LoginTest#verifyUserLoginWithInvalidUsernameAndInvalidPassword</h3><table class="result"><tr class="param"><th>Parameter #1</th><th>Parameter #2</th></tr><tr class="param stripe"><td>Test</td><td>Test</td></tr><tr><th colspan="2">Exception</th></tr><tr><td colspan="2"><div class="stacktrace">org.openqa.selenium.StaleElementReferenceException: stale element reference: stale element not found
  (Session info: chrome=134.0.6998.89)
For documentation on this error, please visit: https://www.selenium.dev/documentation/webdriver/troubleshooting/errors#stale-element-reference-exception
Build info: version: &apos;4.28.1&apos;, revision: &apos;73f5ad48a2&apos;
System info: os.name: &apos;Windows 11&apos;, os.arch: &apos;amd64&apos;, os.version: &apos;10.0&apos;, java.version: &apos;21.0.4&apos;
Driver info: org.openqa.selenium.chrome.ChromeDriver
Command: [773cdf83a2df7720fa9abf839e7e40dc, isElementDisplayed {id=f.CDEA8904F03366F75862116C468EFF44.d.44F1FCDB40EAC9227A586278D2A49E8C.e.22}]
Capabilities {acceptInsecureCerts: false, browserName: chrome, browserVersion: 134.0.6998.89, chrome: {chromedriverVersion: 134.0.6998.90 (219ee74681fc..., userDataDir: C:\Users\RESHMA\AppData\Loc...}, fedcm:accounts: true, goog:chromeOptions: {debuggerAddress: localhost:51122}, networkConnectionEnabled: false, pageLoadStrategy: normal, platformName: windows, proxy: Proxy(), se:cdp: ws://localhost:51122/devtoo..., se:cdpVersion: 134.0.6998.89, setWindowRect: true, strictFileInteractability: false, timeouts: {implicit: 0, pageLoad: 300000, script: 30000}, unhandledPromptBehavior: dismiss and notify, webauthn:extension:credBlob: true, webauthn:extension:largeBlob: true, webauthn:extension:minPinLength: true, webauthn:extension:prf: true, webauthn:virtualAuthenticators: true}
Element: [[ChromeDriver: chrome on windows (773cdf83a2df7720fa9abf839e7e40dc)] -&gt; xpath: //b[text()=&apos;7rmart supermarket&apos;]]
Session ID: 773cdf83a2df7720fa9abf839e7e40dc
	at org.openqa.selenium.remote.ErrorCodec.decode(ErrorCodec.java:167)
	at org.openqa.selenium.remote.codec.w3c.W3CHttpResponseCodec.decode(W3CHttpResponseCodec.java:138)
	at org.openqa.selenium.remote.codec.w3c.W3CHttpResponseCodec.decode(W3CHttpResponseCodec.java:50)
	at org.openqa.selenium.remote.HttpCommandExecutor.execute(HttpCommandExecutor.java:215)
	at org.openqa.selenium.remote.service.DriverCommandExecutor.invokeExecute(DriverCommandExecutor.java:216)
	at org.openqa.selenium.remote.service.DriverCommandExecutor.execute(DriverCommandExecutor.java:174)
	at org.openqa.selenium.remote.RemoteWebDriver.execute(RemoteWebDriver.java:545)
	at org.openqa.selenium.remote.RemoteWebElement.execute(RemoteWebElement.java:223)
	at org.openqa.selenium.remote.RemoteWebElement.isDisplayed(RemoteWebElement.java:282)
	at org.openqa.selenium.support.pagefactory.internal.LocatingElementHandler.invoke(LocatingElementHandler.java:51)
	at jdk.proxy2/jdk.proxy2.$Proxy14.isDisplayed(Unknown Source)
	at pages.LoginPage.isTitleDisplayed(LoginPage.java:61)
	at testScript.LoginTest.verifyUserLoginWithInvalidUsernameAndInvalidPassword(LoginTest.java:70)
	at java.base/java.util.concurrent.Executors$RunnableAdapter.call(Executors.java:572)
	at java.base/java.util.concurrent.FutureTask.run(FutureTask.java:317)
	at java.base/java.util.concurrent.ThreadPoolExecutor.runWorker(ThreadPoolExecutor.java:1144)
	at java.base/java.util.concurrent.ThreadPoolExecutor$Worker.run(ThreadPoolExecutor.java:642)
	at java.base/java.lang.Thread.run(Thread.java:1583)
... Removed 16 stack frames</div></td></tr></table><p class="totop"><a href="#summary">back to summary</a></p>
<h3 id="m2">testScript.LoginTest#verifyUserLoginWithInvalidUsernameAndInvalidPassword</h3><table class="result"><tr class="param"><th>Parameter #1</th><th>Parameter #2</th></tr><tr class="param stripe"><td>Test</td><td>admin</td></tr><tr><th colspan="2">Exception</th></tr><tr><td colspan="2"><div class="stacktrace">org.openqa.selenium.StaleElementReferenceException: stale element reference: stale element not found
  (Session info: chrome=134.0.6998.89)
For documentation on this error, please visit: https://www.selenium.dev/documentation/webdriver/troubleshooting/errors#stale-element-reference-exception
Build info: version: &apos;4.28.1&apos;, revision: &apos;73f5ad48a2&apos;
System info: os.name: &apos;Windows 11&apos;, os.arch: &apos;amd64&apos;, os.version: &apos;10.0&apos;, java.version: &apos;21.0.4&apos;
Driver info: org.openqa.selenium.chrome.ChromeDriver
Command: [3c68ded0f12cc8023a660f0c1c7d941b, isElementDisplayed {id=f.D88B6C8CD9F8A3103AA2C292452EF252.d.9F78CC74DEFBAA11EE51CA62BC8B1B35.e.20}]
Capabilities {acceptInsecureCerts: false, browserName: chrome, browserVersion: 134.0.6998.89, chrome: {chromedriverVersion: 134.0.6998.90 (219ee74681fc..., userDataDir: C:\Users\RESHMA\AppData\Loc...}, fedcm:accounts: true, goog:chromeOptions: {debuggerAddress: localhost:51102}, networkConnectionEnabled: false, pageLoadStrategy: normal, platformName: windows, proxy: Proxy(), se:cdp: ws://localhost:51102/devtoo..., se:cdpVersion: 134.0.6998.89, setWindowRect: true, strictFileInteractability: false, timeouts: {implicit: 0, pageLoad: 300000, script: 30000}, unhandledPromptBehavior: dismiss and notify, webauthn:extension:credBlob: true, webauthn:extension:largeBlob: true, webauthn:extension:minPinLength: true, webauthn:extension:prf: true, webauthn:virtualAuthenticators: true}
Element: [[ChromeDriver: chrome on windows (3c68ded0f12cc8023a660f0c1c7d941b)] -&gt; xpath: //b[text()=&apos;7rmart supermarket&apos;]]
Session ID: 3c68ded0f12cc8023a660f0c1c7d941b
	at org.openqa.selenium.remote.ErrorCodec.decode(ErrorCodec.java:167)
	at org.openqa.selenium.remote.codec.w3c.W3CHttpResponseCodec.decode(W3CHttpResponseCodec.java:138)
	at org.openqa.selenium.remote.codec.w3c.W3CHttpResponseCodec.decode(W3CHttpResponseCodec.java:50)
	at org.openqa.selenium.remote.HttpCommandExecutor.execute(HttpCommandExecutor.java:215)
	at org.openqa.selenium.remote.service.DriverCommandExecutor.invokeExecute(DriverCommandExecutor.java:216)
	at org.openqa.selenium.remote.service.DriverCommandExecutor.execute(DriverCommandExecutor.java:174)
	at org.openqa.selenium.remote.RemoteWebDriver.execute(RemoteWebDriver.java:545)
	at org.openqa.selenium.remote.RemoteWebElement.execute(RemoteWebElement.java:223)
	at org.openqa.selenium.remote.RemoteWebElement.isDisplayed(RemoteWebElement.java:282)
	at org.openqa.selenium.support.pagefactory.internal.LocatingElementHandler.invoke(LocatingElementHandler.java:51)
	at jdk.proxy2/jdk.proxy2.$Proxy14.isDisplayed(Unknown Source)
	at pages.LoginPage.isTitleDisplayed(LoginPage.java:61)
	at testScript.LoginTest.verifyUserLoginWithInvalidUsernameAndInvalidPassword(LoginTest.java:70)
	at java.base/java.util.concurrent.Executors$RunnableAdapter.call(Executors.java:572)
	at java.base/java.util.concurrent.FutureTask.run(FutureTask.java:317)
	at java.base/java.util.concurrent.ThreadPoolExecutor.runWorker(ThreadPoolExecutor.java:1144)
	at java.base/java.util.concurrent.ThreadPoolExecutor$Worker.run(ThreadPoolExecutor.java:642)
	at java.base/java.lang.Thread.run(Thread.java:1583)
... Removed 16 stack frames</div></td></tr></table><p class="totop"><a href="#summary">back to summary</a></p>
<h3 id="m3">testScript.HomeTest#verifySuccessfullUserLogoutFromHomePageAfterLogin</h3><table class="result"><tr><th>Exception</th></tr><tr><td><div class="stacktrace">org.apache.poi.openxml4j.exceptions.NotOfficeXmlFileException: No valid entries or contents found, this is not a valid OOXML (Office Open XML) file
	at org.apache.poi.openxml4j.util.ZipArchiveThresholdInputStream.getNextEntry(ZipArchiveThresholdInputStream.java:156)
	at org.apache.poi.openxml4j.util.ZipInputStreamZipEntrySource.&lt;init&gt;(ZipInputStreamZipEntrySource.java:94)
	at org.apache.poi.openxml4j.opc.ZipPackage.&lt;init&gt;(ZipPackage.java:132)
	at org.apache.poi.openxml4j.opc.OPCPackage.open(OPCPackage.java:319)
	at org.apache.poi.ooxml.util.PackageHelper.open(PackageHelper.java:59)
	at org.apache.poi.xssf.usermodel.XSSFWorkbook.&lt;init&gt;(XSSFWorkbook.java:290)
	at org.apache.poi.xssf.usermodel.XSSFWorkbook.&lt;init&gt;(XSSFWorkbook.java:286)
	at utilities.ExcelUtility.readStringData(ExcelUtility.java:22)
	at testScript.HomeTest.verifySuccessfullUserLogoutFromHomePageAfterLogin(HomeTest.java:25)
	at java.base/java.util.concurrent.Executors$RunnableAdapter.call(Executors.java:572)
	at java.base/java.util.concurrent.FutureTask.run(FutureTask.java:317)
	at java.base/java.util.concurrent.ThreadPoolExecutor.runWorker(ThreadPoolExecutor.java:1144)
	at java.base/java.util.concurrent.ThreadPoolExecutor$Worker.run(ThreadPoolExecutor.java:642)
	at java.base/java.lang.Thread.run(Thread.java:1583)
Caused by: java.util.zip.ZipException: Unexpected record signature: 0X29348401
	at org.apache.commons.compress.archivers.zip.ZipArchiveInputStream.getNextZipEntry(ZipArchiveInputStream.java:296)
	at org.apache.poi.openxml4j.util.ZipArchiveThresholdInputStream.getNextEntry(ZipArchiveThresholdInputStream.java:152)
	... 24 more
... Removed 11 stack frames</div></td></tr></table><p class="totop"><a href="#summary">back to summary</a></p>
<h3 id="m4">testScript.AdminUserTest#verifyUserIsAbleToSearchNewlyAddedUsersInTheNewlyAddedUsersList</h3><table class="result"><tr><th class="invisible"/></tr></table><p class="totop"><a href="#summary">back to summary</a></p>
<h3 id="m5">testScript.AdminUserTest#verifyWhetherUserIsAbleToAddNewUserToTheUsersList</h3><table class="result"><tr><th class="invisible"/></tr></table><p class="totop"><a href="#summary">back to summary</a></p>
<h3 id="m6">testScript.HomeTest#verifySuccessfullUserLogoutFromHomePageAfterLogin</h3><table class="result"><tr><th class="invisible"/></tr></table><p class="totop"><a href="#summary">back to summary</a></p>
<h3 id="m7">testScript.LoginTest#verifyUserLoginWithInvalidUsernameAndInvalidPassword</h3><table class="result"><tr class="param"><th>Parameter #1</th><th>Parameter #2</th></tr><tr class="param stripe"><td>admin</td><td>Test</td></tr></table><p class="totop"><a href="#summary">back to summary</a></p>
<h3 id="m8">testScript.LoginTest#verifyUserLoginWithInvalidUsernameAndValidPassword</h3><table class="result"><tr><th class="invisible"/></tr></table><p class="totop"><a href="#summary">back to summary</a></p>
<h3 id="m9">testScript.LoginTest#verifyUserLoginWithValidUsernameAndInvalidPassword</h3><table class="result"><tr><th class="invisible"/></tr></table><p class="totop"><a href="#summary">back to summary</a></p>
<h3 id="m10">testScript.LoginTest#verifyUserLoginWithValidUsernameAndValidPassword</h3><table class="result"><tr><th class="invisible"/></tr></table><p class="totop"><a href="#summary">back to summary</a></p>
<h3 id="m11">testScript.ManageNewsTest#verifyWhetherUserIsAbleToAddNewNewsInManageNews</h3><table class="result"><tr><th class="invisible"/></tr></table><p class="totop"><a href="#summary">back to summary</a></p>
<h3 id="m12">testScript.ManageNewsTest#verifyWhetherUserIsAbleToRefreshNewsPageUsingTheResetButton</h3><table class="result"><tr><th class="invisible"/></tr></table><p class="totop"><a href="#summary">back to summary</a></p>
<h3 id="m13">testScript.ManageNewsTest#verifyWhetherUserIsAbleTosearchNewsInManageNews</h3><table class="result"><tr><th class="invisible"/></tr></table><p class="totop"><a href="#summary">back to summary</a></p>
<h3 id="m14">testScript.SubCategoryTest#verifyWhetherUserIsAbleToaddNewItemToSubCategoryList</h3><table class="result"><tr><th class="invisible"/></tr></table><p class="totop"><a href="#summary">back to summary</a></p>
<h3 id="m15">testScript.SubCategoryTest#verifyWhetherUserIsAbleTorefreshPageUsingResetButton</h3><table class="result"><tr><th class="invisible"/></tr></table><p class="totop"><a href="#summary">back to summary</a></p>
<h3 id="m16">testScript.SubCategoryTest#verifyWhetherUserIsAbleTosearchItemsInTheSubCategoryList</h3><table class="result"><tr><th class="invisible"/></tr></table><p class="totop"><a href="#summary">back to summary</a></p>
</body>
</html>
