<?xml version="1.0" encoding="UTF-8"?>
<testng-results ignored="0" total="14" passed="12" failed="2" skipped="0">
  <reporter-output>
  </reporter-output>
  <suite started-at="2025-03-05T14:49:42 IST" name="Suite" finished-at="2025-03-05T14:50:29 IST" duration-ms="47444">
    <groups>
    </groups>
    <test started-at="2025-03-05T14:49:42 IST" name="Test" finished-at="2025-03-05T14:50:29 IST" duration-ms="47444">
      <class name="testScript.LoginTest">
        <test-method is-config="true" signature="intializeBrowser(java.lang.String)[pri:0, instance:testScript.LoginTest@1a75e76a]" started-at="2025-03-05T14:50:19 IST" name="intializeBrowser" finished-at="2025-03-05T14:50:21 IST" duration-ms="1708" status="PASS">
          <params>
            <param index="0">
              <value>
                <![CDATA[Chrome]]>
              </value>
            </param>
          </params>
          <reporter-output>
          </reporter-output>
        </test-method> <!-- intializeBrowser -->
        <test-method signature="verifyUserLoginWithValidUsernameAndValidPassword()[pri:1, instance:testScript.LoginTest@1a75e76a]" started-at="2025-03-05T14:50:21 IST" name="verifyUserLoginWithValidUsernameAndValidPassword" description="Verification of user login with valid Credentials" finished-at="2025-03-05T14:50:22 IST" duration-ms="787" status="PASS">
          <reporter-output>
          </reporter-output>
        </test-method> <!-- verifyUserLoginWithValidUsernameAndValidPassword -->
        <test-method is-config="true" signature="driverQuit(org.testng.ITestResult)[pri:0, instance:testScript.LoginTest@1a75e76a]" started-at="2025-03-05T14:50:22 IST" name="driverQuit" finished-at="2025-03-05T14:50:22 IST" duration-ms="170" status="PASS">
          <params>
            <param index="0">
              <value>
                <![CDATA[[TestResult name=verifyUserLoginWithValidUsernameAndValidPassword status=SUCCESS method=LoginTest.verifyUserLoginWithValidUsernameAndValidPassword()[pri:1, instance:testScript.LoginTest@1a75e76a] output={null}]]]>
              </value>
            </param>
          </params>
          <reporter-output>
          </reporter-output>
        </test-method> <!-- driverQuit -->
        <test-method is-config="true" signature="intializeBrowser(java.lang.String)[pri:0, instance:testScript.LoginTest@1a75e76a]" started-at="2025-03-05T14:50:22 IST" name="intializeBrowser" finished-at="2025-03-05T14:50:24 IST" duration-ms="1760" status="PASS">
          <params>
            <param index="0">
              <value>
                <![CDATA[Chrome]]>
              </value>
            </param>
          </params>
          <reporter-output>
          </reporter-output>
        </test-method> <!-- intializeBrowser -->
        <test-method signature="verifyUserLoginWithValidUsernameAndInvalidPassword()[pri:2, instance:testScript.LoginTest@1a75e76a]" started-at="2025-03-05T14:50:24 IST" name="verifyUserLoginWithValidUsernameAndInvalidPassword" description="Verification of user login with valid username and invalid password" finished-at="2025-03-05T14:50:24 IST" duration-ms="528" status="PASS">
          <reporter-output>
          </reporter-output>
        </test-method> <!-- verifyUserLoginWithValidUsernameAndInvalidPassword -->
        <test-method is-config="true" signature="driverQuit(org.testng.ITestResult)[pri:0, instance:testScript.LoginTest@1a75e76a]" started-at="2025-03-05T14:50:24 IST" name="driverQuit" finished-at="2025-03-05T14:50:25 IST" duration-ms="158" status="PASS">
          <params>
            <param index="0">
              <value>
                <![CDATA[[TestResult name=verifyUserLoginWithValidUsernameAndInvalidPassword status=SUCCESS method=LoginTest.verifyUserLoginWithValidUsernameAndInvalidPassword()[pri:2, instance:testScript.LoginTest@1a75e76a] output={null}]]]>
              </value>
            </param>
          </params>
          <reporter-output>
          </reporter-output>
        </test-method> <!-- driverQuit -->
        <test-method is-config="true" signature="intializeBrowser(java.lang.String)[pri:0, instance:testScript.LoginTest@1a75e76a]" started-at="2025-03-05T14:50:25 IST" name="intializeBrowser" finished-at="2025-03-05T14:50:26 IST" duration-ms="1721" status="PASS">
          <params>
            <param index="0">
              <value>
                <![CDATA[Chrome]]>
              </value>
            </param>
          </params>
          <reporter-output>
          </reporter-output>
        </test-method> <!-- intializeBrowser -->
        <test-method signature="verifyUserLoginWithInvalidUsernameAndValidPassword()[pri:3, instance:testScript.LoginTest@1a75e76a]" started-at="2025-03-05T14:50:26 IST" name="verifyUserLoginWithInvalidUsernameAndValidPassword" description="Verification of user login with invalid username and valid password" finished-at="2025-03-05T14:50:27 IST" duration-ms="542" status="PASS">
          <reporter-output>
          </reporter-output>
        </test-method> <!-- verifyUserLoginWithInvalidUsernameAndValidPassword -->
        <test-method is-config="true" signature="driverQuit(org.testng.ITestResult)[pri:0, instance:testScript.LoginTest@1a75e76a]" started-at="2025-03-05T14:50:27 IST" name="driverQuit" finished-at="2025-03-05T14:50:27 IST" duration-ms="157" status="PASS">
          <params>
            <param index="0">
              <value>
                <![CDATA[[TestResult name=verifyUserLoginWithInvalidUsernameAndValidPassword status=SUCCESS method=LoginTest.verifyUserLoginWithInvalidUsernameAndValidPassword()[pri:3, instance:testScript.LoginTest@1a75e76a] output={null}]]]>
              </value>
            </param>
          </params>
          <reporter-output>
          </reporter-output>
        </test-method> <!-- driverQuit -->
        <test-method is-config="true" signature="intializeBrowser(java.lang.String)[pri:0, instance:testScript.LoginTest@1a75e76a]" started-at="2025-03-05T14:50:27 IST" name="intializeBrowser" finished-at="2025-03-05T14:50:29 IST" duration-ms="1705" status="PASS">
          <params>
            <param index="0">
              <value>
                <![CDATA[Chrome]]>
              </value>
            </param>
          </params>
          <reporter-output>
          </reporter-output>
        </test-method> <!-- intializeBrowser -->
        <test-method signature="verifyUserLoginWithInvalidUsernameAndInvalidPassword()[pri:4, instance:testScript.LoginTest@1a75e76a]" started-at="2025-03-05T14:50:29 IST" name="verifyUserLoginWithInvalidUsernameAndInvalidPassword" description="Verification of user login with invalid username and invalid password" finished-at="2025-03-05T14:50:29 IST" duration-ms="575" status="PASS">
          <reporter-output>
          </reporter-output>
        </test-method> <!-- verifyUserLoginWithInvalidUsernameAndInvalidPassword -->
        <test-method is-config="true" signature="driverQuit(org.testng.ITestResult)[pri:0, instance:testScript.LoginTest@1a75e76a]" started-at="2025-03-05T14:50:29 IST" name="driverQuit" finished-at="2025-03-05T14:50:29 IST" duration-ms="135" status="PASS">
          <params>
            <param index="0">
              <value>
                <![CDATA[[TestResult name=verifyUserLoginWithInvalidUsernameAndInvalidPassword status=SUCCESS method=LoginTest.verifyUserLoginWithInvalidUsernameAndInvalidPassword()[pri:4, instance:testScript.LoginTest@1a75e76a] output={null}]]]>
              </value>
            </param>
          </params>
          <reporter-output>
          </reporter-output>
        </test-method> <!-- driverQuit -->
      </class> <!-- testScript.LoginTest -->
      <class name="testScript.SubCategoryTest">
        <test-method is-config="true" signature="intializeBrowser(java.lang.String)[pri:0, instance:testScript.SubCategoryTest@5e2c3d18]" started-at="2025-03-05T14:49:55 IST" name="intializeBrowser" finished-at="2025-03-05T14:49:57 IST" duration-ms="1704" status="PASS">
          <params>
            <param index="0">
              <value>
                <![CDATA[Chrome]]>
              </value>
            </param>
          </params>
          <reporter-output>
          </reporter-output>
        </test-method> <!-- intializeBrowser -->
        <test-method signature="verifyWhetherUserIsAbleToaddNewItemToSubCategoryList()[pri:0, instance:testScript.SubCategoryTest@5e2c3d18]" started-at="2025-03-05T14:49:57 IST" name="verifyWhetherUserIsAbleToaddNewItemToSubCategoryList" description="Verify whether the user can add new item in the Sub category list using New Button" finished-at="2025-03-05T14:50:00 IST" duration-ms="2709" status="PASS">
          <reporter-output>
          </reporter-output>
        </test-method> <!-- verifyWhetherUserIsAbleToaddNewItemToSubCategoryList -->
        <test-method is-config="true" signature="driverQuit(org.testng.ITestResult)[pri:0, instance:testScript.SubCategoryTest@5e2c3d18]" started-at="2025-03-05T14:50:00 IST" name="driverQuit" finished-at="2025-03-05T14:50:00 IST" duration-ms="194" status="PASS">
          <params>
            <param index="0">
              <value>
                <![CDATA[[TestResult name=verifyWhetherUserIsAbleToaddNewItemToSubCategoryList status=SUCCESS method=SubCategoryTest.verifyWhetherUserIsAbleToaddNewItemToSubCategoryList()[pri:0, instance:testScript.SubCategoryTest@5e2c3d18] output={null}]]]>
              </value>
            </param>
          </params>
          <reporter-output>
          </reporter-output>
        </test-method> <!-- driverQuit -->
        <test-method is-config="true" signature="intializeBrowser(java.lang.String)[pri:0, instance:testScript.SubCategoryTest@5e2c3d18]" started-at="2025-03-05T14:50:00 IST" name="intializeBrowser" finished-at="2025-03-05T14:50:02 IST" duration-ms="1747" status="PASS">
          <params>
            <param index="0">
              <value>
                <![CDATA[Chrome]]>
              </value>
            </param>
          </params>
          <reporter-output>
          </reporter-output>
        </test-method> <!-- intializeBrowser -->
        <test-method signature="verifyWhetherUserIsAbleTorefreshPageUsingResetButton()[pri:0, instance:testScript.SubCategoryTest@5e2c3d18]" started-at="2025-03-05T14:50:02 IST" name="verifyWhetherUserIsAbleTorefreshPageUsingResetButton" description="Verify whether the user can refresh the Sub Category list using Reset Button" finished-at="2025-03-05T14:50:03 IST" duration-ms="1388" status="PASS">
          <reporter-output>
          </reporter-output>
        </test-method> <!-- verifyWhetherUserIsAbleTorefreshPageUsingResetButton -->
        <test-method is-config="true" signature="driverQuit(org.testng.ITestResult)[pri:0, instance:testScript.SubCategoryTest@5e2c3d18]" started-at="2025-03-05T14:50:03 IST" name="driverQuit" finished-at="2025-03-05T14:50:03 IST" duration-ms="188" status="PASS">
          <params>
            <param index="0">
              <value>
                <![CDATA[[TestResult name=verifyWhetherUserIsAbleTorefreshPageUsingResetButton status=SUCCESS method=SubCategoryTest.verifyWhetherUserIsAbleTorefreshPageUsingResetButton()[pri:0, instance:testScript.SubCategoryTest@5e2c3d18] output={null}]]]>
              </value>
            </param>
          </params>
          <reporter-output>
          </reporter-output>
        </test-method> <!-- driverQuit -->
        <test-method is-config="true" signature="intializeBrowser(java.lang.String)[pri:0, instance:testScript.SubCategoryTest@5e2c3d18]" started-at="2025-03-05T14:50:03 IST" name="intializeBrowser" finished-at="2025-03-05T14:50:05 IST" duration-ms="1776" status="PASS">
          <params>
            <param index="0">
              <value>
                <![CDATA[Chrome]]>
              </value>
            </param>
          </params>
          <reporter-output>
          </reporter-output>
        </test-method> <!-- intializeBrowser -->
        <test-method signature="verifyWhetherUserIsAbleTosearchItemsInTheSubCategoryList()[pri:0, instance:testScript.SubCategoryTest@5e2c3d18]" started-at="2025-03-05T14:50:05 IST" name="verifyWhetherUserIsAbleTosearchItemsInTheSubCategoryList" description="Verify whether the user can search a item in the Sub Category list using Search Button" finished-at="2025-03-05T14:50:07 IST" duration-ms="1941" status="PASS">
          <reporter-output>
          </reporter-output>
        </test-method> <!-- verifyWhetherUserIsAbleTosearchItemsInTheSubCategoryList -->
        <test-method is-config="true" signature="driverQuit(org.testng.ITestResult)[pri:0, instance:testScript.SubCategoryTest@5e2c3d18]" started-at="2025-03-05T14:50:07 IST" name="driverQuit" finished-at="2025-03-05T14:50:07 IST" duration-ms="180" status="PASS">
          <params>
            <param index="0">
              <value>
                <![CDATA[[TestResult name=verifyWhetherUserIsAbleTosearchItemsInTheSubCategoryList status=SUCCESS method=SubCategoryTest.verifyWhetherUserIsAbleTosearchItemsInTheSubCategoryList()[pri:0, instance:testScript.SubCategoryTest@5e2c3d18] output={null}]]]>
              </value>
            </param>
          </params>
          <reporter-output>
          </reporter-output>
        </test-method> <!-- driverQuit -->
      </class> <!-- testScript.SubCategoryTest -->
      <class name="testScript.ManageNewsTest">
        <test-method is-config="true" signature="intializeBrowser(java.lang.String)[pri:0, instance:testScript.ManageNewsTest@7a35b0f5]" started-at="2025-03-05T14:49:45 IST" name="intializeBrowser" finished-at="2025-03-05T14:49:47 IST" duration-ms="1795" status="PASS">
          <params>
            <param index="0">
              <value>
                <![CDATA[Chrome]]>
              </value>
            </param>
          </params>
          <reporter-output>
          </reporter-output>
        </test-method> <!-- intializeBrowser -->
        <test-method signature="verifyWhetherUserIsAbleToAddNewNewsInManageNews()[pri:0, instance:testScript.ManageNewsTest@7a35b0f5]" started-at="2025-03-05T14:49:47 IST" name="verifyWhetherUserIsAbleToAddNewNewsInManageNews" description="Verify whether the user can add new news in the News list using New Button" finished-at="2025-03-05T14:49:49 IST" duration-ms="2175" status="PASS">
          <reporter-output>
          </reporter-output>
        </test-method> <!-- verifyWhetherUserIsAbleToAddNewNewsInManageNews -->
        <test-method is-config="true" signature="driverQuit(org.testng.ITestResult)[pri:0, instance:testScript.ManageNewsTest@7a35b0f5]" started-at="2025-03-05T14:49:49 IST" name="driverQuit" finished-at="2025-03-05T14:49:50 IST" duration-ms="173" status="PASS">
          <params>
            <param index="0">
              <value>
                <![CDATA[[TestResult name=verifyWhetherUserIsAbleToAddNewNewsInManageNews status=SUCCESS method=ManageNewsTest.verifyWhetherUserIsAbleToAddNewNewsInManageNews()[pri:0, instance:testScript.ManageNewsTest@7a35b0f5] output={null}]]]>
              </value>
            </param>
          </params>
          <reporter-output>
          </reporter-output>
        </test-method> <!-- driverQuit -->
        <test-method is-config="true" signature="intializeBrowser(java.lang.String)[pri:0, instance:testScript.ManageNewsTest@7a35b0f5]" started-at="2025-03-05T14:49:50 IST" name="intializeBrowser" finished-at="2025-03-05T14:49:51 IST" duration-ms="1768" status="PASS">
          <params>
            <param index="0">
              <value>
                <![CDATA[Chrome]]>
              </value>
            </param>
          </params>
          <reporter-output>
          </reporter-output>
        </test-method> <!-- intializeBrowser -->
        <test-method signature="verifyWhetherUserIsAbleToRefreshNewsPageUsingTheResetButton()[pri:0, instance:testScript.ManageNewsTest@7a35b0f5]" started-at="2025-03-05T14:49:51 IST" name="verifyWhetherUserIsAbleToRefreshNewsPageUsingTheResetButton" description="Verify whether the user can refresh the News list using Reset Button" finished-at="2025-03-05T14:49:51 IST" duration-ms="63" status="FAIL">
          <exception class="java.lang.NullPointerException">
            <message>
              <![CDATA[Cannot invoke "org.apache.poi.xssf.usermodel.XSSFRow.getCell(int)" because "r" is null]]>
            </message>
            <full-stacktrace>
              <![CDATA[java.lang.NullPointerException: Cannot invoke "org.apache.poi.xssf.usermodel.XSSFRow.getCell(int)" because "r" is null
at utilities.ExcelUtility.readStringData(ExcelUtility.java:22)
at testScript.ManageNewsTest.verifyWhetherUserIsAbleToRefreshNewsPageUsingTheResetButton(ManageNewsTest.java:65)
at java.base/jdk.internal.reflect.DirectMethodHandleAccessor.invoke(DirectMethodHandleAccessor.java:103)
at java.base/java.lang.reflect.Method.invoke(Method.java:580)
at org.testng.internal.invokers.MethodInvocationHelper.invokeMethod(MethodInvocationHelper.java:141)
at org.testng.internal.invokers.TestInvoker.invokeMethod(TestInvoker.java:686)
at org.testng.internal.invokers.TestInvoker.invokeTestMethod(TestInvoker.java:230)
at org.testng.internal.invokers.MethodRunner.runInSequence(MethodRunner.java:63)
at org.testng.internal.invokers.TestInvoker$MethodInvocationAgent.invoke(TestInvoker.java:992)
at org.testng.internal.invokers.TestInvoker.invokeTestMethods(TestInvoker.java:203)
at org.testng.internal.invokers.TestMethodWorker.invokeTestMethods(TestMethodWorker.java:154)
at org.testng.internal.invokers.TestMethodWorker.run(TestMethodWorker.java:134)
at java.base/java.util.ArrayList.forEach(ArrayList.java:1596)
at org.testng.TestRunner.privateRun(TestRunner.java:739)
at org.testng.TestRunner.run(TestRunner.java:614)
at org.testng.SuiteRunner.runTest(SuiteRunner.java:421)
at org.testng.SuiteRunner.runSequentially(SuiteRunner.java:413)
at org.testng.SuiteRunner.privateRun(SuiteRunner.java:373)
at org.testng.SuiteRunner.run(SuiteRunner.java:312)
at org.testng.SuiteRunnerWorker.runSuite(SuiteRunnerWorker.java:52)
at org.testng.SuiteRunnerWorker.run(SuiteRunnerWorker.java:95)
at org.testng.TestNG.runSuitesSequentially(TestNG.java:1274)
at org.testng.TestNG.runSuitesLocally(TestNG.java:1208)
at org.testng.TestNG.runSuites(TestNG.java:1112)
at org.testng.TestNG.run(TestNG.java:1079)
at org.testng.remote.AbstractRemoteTestNG.run(AbstractRemoteTestNG.java:115)
at org.testng.remote.RemoteTestNG.initAndRun(RemoteTestNG.java:293)
at org.testng.remote.RemoteTestNG.main(RemoteTestNG.java:91)
]]>
            </full-stacktrace>
          </exception> <!-- java.lang.NullPointerException -->
          <reporter-output>
          </reporter-output>
        </test-method> <!-- verifyWhetherUserIsAbleToRefreshNewsPageUsingTheResetButton -->
        <test-method is-config="true" signature="driverQuit(org.testng.ITestResult)[pri:0, instance:testScript.ManageNewsTest@7a35b0f5]" started-at="2025-03-05T14:49:51 IST" name="driverQuit" finished-at="2025-03-05T14:49:52 IST" duration-ms="339" status="PASS">
          <params>
            <param index="0">
              <value>
                <![CDATA[[TestResult name=verifyWhetherUserIsAbleToRefreshNewsPageUsingTheResetButton status=FAILURE method=ManageNewsTest.verifyWhetherUserIsAbleToRefreshNewsPageUsingTheResetButton()[pri:0, instance:testScript.ManageNewsTest@7a35b0f5] output={null}]]]>
              </value>
            </param>
          </params>
          <reporter-output>
          </reporter-output>
        </test-method> <!-- driverQuit -->
        <test-method is-config="true" signature="intializeBrowser(java.lang.String)[pri:0, instance:testScript.ManageNewsTest@7a35b0f5]" started-at="2025-03-05T14:49:52 IST" name="intializeBrowser" finished-at="2025-03-05T14:49:54 IST" duration-ms="1805" status="PASS">
          <params>
            <param index="0">
              <value>
                <![CDATA[Chrome]]>
              </value>
            </param>
          </params>
          <reporter-output>
          </reporter-output>
        </test-method> <!-- intializeBrowser -->
        <test-method signature="verifyWhetherUserIsAbleTosearchNewsInManageNews()[pri:0, instance:testScript.ManageNewsTest@7a35b0f5]" started-at="2025-03-05T14:49:54 IST" name="verifyWhetherUserIsAbleTosearchNewsInManageNews" description="Verify whether the user can search a news in the News list using Search Button" finished-at="2025-03-05T14:49:55 IST" duration-ms="1664" status="PASS">
          <reporter-output>
          </reporter-output>
        </test-method> <!-- verifyWhetherUserIsAbleTosearchNewsInManageNews -->
        <test-method is-config="true" signature="driverQuit(org.testng.ITestResult)[pri:0, instance:testScript.ManageNewsTest@7a35b0f5]" started-at="2025-03-05T14:49:55 IST" name="driverQuit" finished-at="2025-03-05T14:49:55 IST" duration-ms="166" status="PASS">
          <params>
            <param index="0">
              <value>
                <![CDATA[[TestResult name=verifyWhetherUserIsAbleTosearchNewsInManageNews status=SUCCESS method=ManageNewsTest.verifyWhetherUserIsAbleTosearchNewsInManageNews()[pri:0, instance:testScript.ManageNewsTest@7a35b0f5] output={null}]]]>
              </value>
            </param>
          </params>
          <reporter-output>
          </reporter-output>
        </test-method> <!-- driverQuit -->
      </class> <!-- testScript.ManageNewsTest -->
      <class name="testScript.HomeTest">
        <test-method is-config="true" signature="intializeBrowser(java.lang.String)[pri:0, instance:testScript.HomeTest@2e8c1c9b]" started-at="2025-03-05T14:49:42 IST" name="intializeBrowser" finished-at="2025-03-05T14:49:45 IST" duration-ms="2505" status="PASS">
          <params>
            <param index="0">
              <value>
                <![CDATA[Chrome]]>
              </value>
            </param>
          </params>
          <reporter-output>
          </reporter-output>
        </test-method> <!-- intializeBrowser -->
        <test-method signature="verifySuccessfullUserLogoutFromHomePageAfterLogin()[pri:0, instance:testScript.HomeTest@2e8c1c9b]" started-at="2025-03-05T14:49:45 IST" name="verifySuccessfullUserLogoutFromHomePageAfterLogin" description="Verification of whether the user is able to use the Logout functionality after LogIn" finished-at="2025-03-05T14:49:45 IST" duration-ms="527" status="FAIL">
          <exception class="java.lang.NullPointerException">
            <message>
              <![CDATA[Cannot invoke "org.apache.poi.xssf.usermodel.XSSFRow.getCell(int)" because "r" is null]]>
            </message>
            <full-stacktrace>
              <![CDATA[java.lang.NullPointerException: Cannot invoke "org.apache.poi.xssf.usermodel.XSSFRow.getCell(int)" because "r" is null
at utilities.ExcelUtility.readStringData(ExcelUtility.java:22)
at testScript.HomeTest.verifySuccessfullUserLogoutFromHomePageAfterLogin(HomeTest.java:23)
at java.base/jdk.internal.reflect.DirectMethodHandleAccessor.invoke(DirectMethodHandleAccessor.java:103)
at java.base/java.lang.reflect.Method.invoke(Method.java:580)
at org.testng.internal.invokers.MethodInvocationHelper.invokeMethod(MethodInvocationHelper.java:141)
at org.testng.internal.invokers.TestInvoker.invokeMethod(TestInvoker.java:686)
at org.testng.internal.invokers.TestInvoker.invokeTestMethod(TestInvoker.java:230)
at org.testng.internal.invokers.MethodRunner.runInSequence(MethodRunner.java:63)
at org.testng.internal.invokers.TestInvoker$MethodInvocationAgent.invoke(TestInvoker.java:992)
at org.testng.internal.invokers.TestInvoker.invokeTestMethods(TestInvoker.java:203)
at org.testng.internal.invokers.TestMethodWorker.invokeTestMethods(TestMethodWorker.java:154)
at org.testng.internal.invokers.TestMethodWorker.run(TestMethodWorker.java:134)
at java.base/java.util.ArrayList.forEach(ArrayList.java:1596)
at org.testng.TestRunner.privateRun(TestRunner.java:739)
at org.testng.TestRunner.run(TestRunner.java:614)
at org.testng.SuiteRunner.runTest(SuiteRunner.java:421)
at org.testng.SuiteRunner.runSequentially(SuiteRunner.java:413)
at org.testng.SuiteRunner.privateRun(SuiteRunner.java:373)
at org.testng.SuiteRunner.run(SuiteRunner.java:312)
at org.testng.SuiteRunnerWorker.runSuite(SuiteRunnerWorker.java:52)
at org.testng.SuiteRunnerWorker.run(SuiteRunnerWorker.java:95)
at org.testng.TestNG.runSuitesSequentially(TestNG.java:1274)
at org.testng.TestNG.runSuitesLocally(TestNG.java:1208)
at org.testng.TestNG.runSuites(TestNG.java:1112)
at org.testng.TestNG.run(TestNG.java:1079)
at org.testng.remote.AbstractRemoteTestNG.run(AbstractRemoteTestNG.java:115)
at org.testng.remote.RemoteTestNG.initAndRun(RemoteTestNG.java:293)
at org.testng.remote.RemoteTestNG.main(RemoteTestNG.java:91)
]]>
            </full-stacktrace>
          </exception> <!-- java.lang.NullPointerException -->
          <reporter-output>
          </reporter-output>
        </test-method> <!-- verifySuccessfullUserLogoutFromHomePageAfterLogin -->
        <test-method is-config="true" signature="driverQuit(org.testng.ITestResult)[pri:0, instance:testScript.HomeTest@2e8c1c9b]" started-at="2025-03-05T14:49:45 IST" name="driverQuit" finished-at="2025-03-05T14:49:45 IST" duration-ms="394" status="PASS">
          <params>
            <param index="0">
              <value>
                <![CDATA[[TestResult name=verifySuccessfullUserLogoutFromHomePageAfterLogin status=FAILURE method=HomeTest.verifySuccessfullUserLogoutFromHomePageAfterLogin()[pri:0, instance:testScript.HomeTest@2e8c1c9b] output={null}]]]>
              </value>
            </param>
          </params>
          <reporter-output>
          </reporter-output>
        </test-method> <!-- driverQuit -->
      </class> <!-- testScript.HomeTest -->
      <class name="testScript.AdminUserTest">
        <test-method is-config="true" signature="intializeBrowser(java.lang.String)[pri:0, instance:testScript.AdminUserTest@33bc72d1]" started-at="2025-03-05T14:50:07 IST" name="intializeBrowser" finished-at="2025-03-05T14:50:09 IST" duration-ms="1725" status="PASS">
          <params>
            <param index="0">
              <value>
                <![CDATA[Chrome]]>
              </value>
            </param>
          </params>
          <reporter-output>
          </reporter-output>
        </test-method> <!-- intializeBrowser -->
        <test-method signature="verifyUserIsAbleToRefreshNewlyAddedUserPageUsingTheResetButton()[pri:0, instance:testScript.AdminUserTest@33bc72d1]" started-at="2025-03-05T14:50:09 IST" name="verifyUserIsAbleToRefreshNewlyAddedUserPageUsingTheResetButton" finished-at="2025-03-05T14:50:11 IST" duration-ms="1877" status="PASS">
          <reporter-output>
          </reporter-output>
        </test-method> <!-- verifyUserIsAbleToRefreshNewlyAddedUserPageUsingTheResetButton -->
        <test-method is-config="true" signature="driverQuit(org.testng.ITestResult)[pri:0, instance:testScript.AdminUserTest@33bc72d1]" started-at="2025-03-05T14:50:11 IST" name="driverQuit" finished-at="2025-03-05T14:50:11 IST" duration-ms="173" status="PASS">
          <params>
            <param index="0">
              <value>
                <![CDATA[[TestResult name=verifyUserIsAbleToRefreshNewlyAddedUserPageUsingTheResetButton status=SUCCESS method=AdminUserTest.verifyUserIsAbleToRefreshNewlyAddedUserPageUsingTheResetButton()[pri:0, instance:testScript.AdminUserTest@33bc72d1] output={null}]]]>
              </value>
            </param>
          </params>
          <reporter-output>
          </reporter-output>
        </test-method> <!-- driverQuit -->
        <test-method is-config="true" signature="intializeBrowser(java.lang.String)[pri:0, instance:testScript.AdminUserTest@33bc72d1]" started-at="2025-03-05T14:50:11 IST" name="intializeBrowser" finished-at="2025-03-05T14:50:13 IST" duration-ms="1734" status="PASS">
          <params>
            <param index="0">
              <value>
                <![CDATA[Chrome]]>
              </value>
            </param>
          </params>
          <reporter-output>
          </reporter-output>
        </test-method> <!-- intializeBrowser -->
        <test-method signature="verifyUserIsAbleToSearchNewlyAddedUsersInTheNewlyAddedUsersList()[pri:0, instance:testScript.AdminUserTest@33bc72d1]" started-at="2025-03-05T14:50:13 IST" name="verifyUserIsAbleToSearchNewlyAddedUsersInTheNewlyAddedUsersList" finished-at="2025-03-05T14:50:15 IST" duration-ms="2251" status="PASS">
          <reporter-output>
          </reporter-output>
        </test-method> <!-- verifyUserIsAbleToSearchNewlyAddedUsersInTheNewlyAddedUsersList -->
        <test-method is-config="true" signature="driverQuit(org.testng.ITestResult)[pri:0, instance:testScript.AdminUserTest@33bc72d1]" started-at="2025-03-05T14:50:15 IST" name="driverQuit" finished-at="2025-03-05T14:50:15 IST" duration-ms="161" status="PASS">
          <params>
            <param index="0">
              <value>
                <![CDATA[[TestResult name=verifyUserIsAbleToSearchNewlyAddedUsersInTheNewlyAddedUsersList status=SUCCESS method=AdminUserTest.verifyUserIsAbleToSearchNewlyAddedUsersInTheNewlyAddedUsersList()[pri:0, instance:testScript.AdminUserTest@33bc72d1] output={null}]]]>
              </value>
            </param>
          </params>
          <reporter-output>
          </reporter-output>
        </test-method> <!-- driverQuit -->
        <test-method is-config="true" signature="intializeBrowser(java.lang.String)[pri:0, instance:testScript.AdminUserTest@33bc72d1]" started-at="2025-03-05T14:50:15 IST" name="intializeBrowser" finished-at="2025-03-05T14:50:17 IST" duration-ms="1696" status="PASS">
          <params>
            <param index="0">
              <value>
                <![CDATA[Chrome]]>
              </value>
            </param>
          </params>
          <reporter-output>
          </reporter-output>
        </test-method> <!-- intializeBrowser -->
        <test-method signature="verifyWhetherUserIsAbleToAddNewUserToTheUsersList()[pri:0, instance:testScript.AdminUserTest@33bc72d1]" started-at="2025-03-05T14:50:17 IST" name="verifyWhetherUserIsAbleToAddNewUserToTheUsersList" finished-at="2025-03-05T14:50:19 IST" duration-ms="2370" status="PASS">
          <reporter-output>
          </reporter-output>
        </test-method> <!-- verifyWhetherUserIsAbleToAddNewUserToTheUsersList -->
        <test-method is-config="true" signature="driverQuit(org.testng.ITestResult)[pri:0, instance:testScript.AdminUserTest@33bc72d1]" started-at="2025-03-05T14:50:19 IST" name="driverQuit" finished-at="2025-03-05T14:50:19 IST" duration-ms="210" status="PASS">
          <params>
            <param index="0">
              <value>
                <![CDATA[[TestResult name=verifyWhetherUserIsAbleToAddNewUserToTheUsersList status=SUCCESS method=AdminUserTest.verifyWhetherUserIsAbleToAddNewUserToTheUsersList()[pri:0, instance:testScript.AdminUserTest@33bc72d1] output={null}]]]>
              </value>
            </param>
          </params>
          <reporter-output>
          </reporter-output>
        </test-method> <!-- driverQuit -->
      </class> <!-- testScript.AdminUserTest -->
    </test> <!-- Test -->
  </suite> <!-- Suite -->
</testng-results>
